
-----------------------------------------------------------------------------------
Terms       df          idf=log(N/df) based(10) N=806791
-----------------------------------------------------------------------------------
auto        6723        2.0792      
best        25235       1.50476     
car         18165       1.64753     
insurance   19241       1.62253     

-----------------------------------------------------------------------------------
query_Terms tf(q)       weight(t,q)=qtf * idf    length      
-----------------------------------------------------------------------------------
auto        0           0                        2.75885     
best        1           1.50476                  
car         1           1.64753                  
insurance   1           1.62253                  

-----------------------------------------------------------------------------------
doc_ID      terms       tf(d)       weight(t,d)=dtf * idf    length      score       
-----------------------------------------------------------------------------------
1           auto        3           6.23759                  49.6131     0.76703     
            best        14          21.0666                  
            car         27          44.4832                  
            insurance   0           0                        
-----------------------------------------------------------------------------------
2           auto        33          68.6135                  87.2821     0.405874    
            best        0           0                        
            car         4           6.5901                   
            insurance   33          53.5436                  
-----------------------------------------------------------------------------------
3           auto        0           0                        66.5723     0.979964    
            best        17          25.5809                  
            car         24          39.5406                  
            insurance   29          47.0535                  
-----------------------------------------------------------------------------------

The top 2 files:
-----------------------------------------------------------------------------------
doc_ID      terms       tf(d)       weight(t,d)=dtf * idf    length      score       
-----------------------------------------------------------------------------------
3           auto        0           0                        66.5723     0.979964    
            best        17          25.5809                  
            car         24          39.5406                  
            insurance   29          47.0535                  
-----------------------------------------------------------------------------------
1           auto        3           6.23759                  49.6131     0.76703     
            best        14          21.0666                  
            car         27          44.4832                  
            insurance   0           0                        
-----------------------------------------------------------------------------------
